[debug] [2017-09-05T19:33:33.801Z] ----------------------------------------------------------------------
[debug] [2017-09-05T19:33:33.803Z] Command:       /usr/local/bin/node /Users/LuoJieLiang/.npm-packages/bin/firebase serve
[debug] [2017-09-05T19:33:33.804Z] CLI Version:   3.9.2
[debug] [2017-09-05T19:33:33.804Z] Platform:      darwin
[debug] [2017-09-05T19:33:33.804Z] Node Version:  v8.2.1
[debug] [2017-09-05T19:33:33.804Z] Time:          Wed Sep 06 2017 03:33:33 GMT+0800 (CST)
[debug] [2017-09-05T19:33:33.804Z] ----------------------------------------------------------------------
[debug] 
[debug] [2017-09-05T19:33:33.823Z] > command requires scopes: ["email","openid","https://www.googleapis.com/auth/cloudplatformprojects.readonly","https://www.googleapis.com/auth/firebase","https://www.googleapis.com/auth/cloud-platform"]
[debug] [2017-09-05T19:33:33.823Z] > authorizing via signed-in user
[debug] [2017-09-05T19:33:33.825Z] > refreshing access token with scopes: ["email","https://www.googleapis.com/auth/cloud-platform","https://www.googleapis.com/auth/cloudplatformprojects.readonly","https://www.googleapis.com/auth/firebase","openid"]
[debug] [2017-09-05T19:33:33.825Z] >>> HTTP REQUEST POST https://www.googleapis.com/oauth2/v3/token { refresh_token: '1/fJYk8xftiO97yMIt3UY0268LbTP-CSaLXOYp21efZ3A',
  client_id: '563584335869-fgrhgmd47bqnekij5i8b5pr03ho849e6.apps.googleusercontent.com',
  client_secret: 'j9iVZfS8kkCEFUPaAeJV0sAi',
  grant_type: 'refresh_token',
  scope: 'email https://www.googleapis.com/auth/cloud-platform https://www.googleapis.com/auth/cloudplatformprojects.readonly https://www.googleapis.com/auth/firebase openid' } 
 Wed Sep 06 2017 03:33:33 GMT+0800 (CST)
[debug] [2017-09-05T19:33:36.296Z] <<< HTTP RESPONSE 200
[debug] [2017-09-05T19:33:36.303Z] >>> HTTP REQUEST GET https://admin.firebase.com/v1/projects/tw-crypto-info  
 Wed Sep 06 2017 03:33:36 GMT+0800 (CST)
[debug] [2017-09-05T19:33:40.961Z] <<< HTTP RESPONSE 200
[debug] [2017-09-05T19:33:40.962Z] >>> HTTP REQUEST GET https://admin.firebase.com/v1/database/tw-crypto-info/tokens  
 Wed Sep 06 2017 03:33:40 GMT+0800 (CST)
[debug] [2017-09-05T19:33:43.137Z] <<< HTTP RESPONSE 200
[info] 
[info] === Serving from '/Users/LuoJieLiang/Desktop/CryptoCurrency/info_station'...
[info] 
[debug] [2017-09-05T19:33:43.139Z] >>> HTTP REQUEST GET https://cloudresourcemanager.googleapis.com/v1/projects/tw-crypto-info  
 Wed Sep 06 2017 03:33:43 GMT+0800 (CST)
[debug] [2017-09-05T19:33:47.327Z] <<< HTTP RESPONSE 200
[debug] [2017-09-05T19:33:47.328Z] >>> HTTP REQUEST GET https://mobilesdk-pa.googleapis.com/v1/projects/385872442728/clients/_:getWebAppConfig  
 Wed Sep 06 2017 03:33:47 GMT+0800 (CST)
[debug] [2017-09-05T19:33:49.665Z] <<< HTTP RESPONSE 200
[info] i  hosting: Serving hosting files from: public
[info] ✔  hosting: Local server: http://localhost:5000

